HPWL 62867262.5
SOFTMODULE 20
CPU0 4
2651 3602
2651 4257
3949 4257
3949 3602
CPU1 12
2292 1869
2292 1937
2485 1937
2485 2269
2479 2269
2479 2473
2292 2473
2292 2496
3108 2496
3108 1866
2485 1866
2485 1869
CPU2 6
2417 2992
2417 3043
3338 3043
3338 2496
2620 2496
2620 2992
CPU3 4
3623 2158
3623 2665
4394 2665
4394 2158
CPU4 4
2004 2201
2004 2473
2479 2473
2479 2201
CPU5 8
1996 1937
1996 2269
2004 2269
2004 2201
2479 2201
2479 2269
2485 2269
2485 1937
CPU6 4
2094 2501
2094 2988
2359 2988
2359 2501
CPU7 8
2293 2497
2293 2501
2359 2501
2359 2988
2293 2988
2293 2992
2620 2992
2620 2497
GPU0 8
3162 835
3162 2158
4845 2158
4845 395
4514 395
4514 833
3493 833
3493 835
GPU1 8
1997 617
1997 1869
2485 1869
2485 1866
2624 1866
2624 793
2681 793
2681 617
GPU2 4
3493 288
3493 833
4514 833
4514 288
GPU3 4
2681 150
2681 835
3493 835
3493 150
GPU4 6
2624 793
2624 1866
3162 1866
3162 835
2681 835
2681 793
NPU0 4
838 2255
838 2935
1255 2935
1255 2255
NPU1 8
1015 2071
1015 2255
1255 2255
1255 2935
1015 2935
1015 3120
1794 3120
1794 2071
NPU2 8
127 2207
127 2982
1015 2982
1015 2935
838 2935
838 2255
1015 2255
1015 2207
DSP 4
80 1563
80 2207
919 2207
919 1563
VIDEO 12
0 164
0 300
150 300
150 1500
0 1500
0 1562
150 1562
150 1563
635 1563
635 1562
903 1562
903 164
MODEM 10
635 150
635 164
903 164
903 1562
635 1562
635 1563
919 1563
919 2054
1987 2054
1987 150
ISP 4
870 3665
870 4257
2054 4257
2054 3665
