HPWL 16888100.0
SOFTMODULE 16
MCL 4
870 3125
870 3740
1500 3740
1500 3125
DCL 6
654 2690
654 3125
2003 3125
2003 1545
1026 1545
1026 2690
GNA 8
304 1500
304 2690
1026 2690
1026 1545
1071 1545
1071 1514
400 1514
400 1500
IPU 4
400 251
400 1514
1071 1514
1071 251
MCC 6
883 220
883 251
1071 251
1071 1545
1802 1545
1802 220
CPU0 4
3828 2244
3828 3663
4597 3663
4597 2244
CPU1 6
2225 2203
2225 3695
2740 3695
2740 3642
2971 3642
2971 2203
RA 8
2740 2178
2740 2182
2971 2182
2971 3642
2740 3642
2740 3730
3828 3730
3828 2178
ME0 8
3828 2178
3828 2218
4521 2218
4521 1030
3926 1030
3926 1019
3911 1019
3911 2178
ME1 8
2314 302
2314 1558
2341 1558
2341 1303
2690 1303
2690 1292
3046 1292
3046 302
GAM 8
3831 693
3831 997
3911 997
3911 1019
3926 1019
3926 1030
4395 1030
4395 693
TMU0 6
2690 1292
2690 2009
3091 2009
3091 1215
3046 1215
3046 1292
TMU1 4
3394 301
3394 997
3812 997
3812 301
EU0 4
2341 1303
2341 1998
2690 1998
2690 1303
EU1 4
3046 301
3046 997
3394 997
3394 301
GCL 4
3091 997
3091 2178
3911 2178
3911 997
