HPWL 20434515.5
SOFTMODULE 16
M0 6
978 998
978 1370
1233 1370
1233 860
1152 860
1152 998
M1 6
1796 1100
1796 1520
2215 1520
2215 1653
2300 1653
2300 1100
M2 6
620 1157
620 1337
978 1337
978 1106
944 1106
944 1157
M3 8
460 1149
460 1956
977 1956
977 1337
620 1337
620 1333
532 1333
532 1149
M4 6
1229 1711
1229 2020
1800 2020
1800 1634
1796 1634
1796 1711
M5 8
1427 1018
1427 1022
1497 1022
1497 1391
1778 1391
1778 901
1500 901
1500 1018
M6 6
532 640
532 1333
620 1333
620 1157
944 1157
944 640
M7 4
977 1411
977 1641
1233 1641
1233 1411
M8 8
1266 853
1266 1018
1500 1018
1500 835
1499 835
1499 877
1318 877
1318 853
M9 6
1796 1520
1796 1634
1800 1634
1800 1906
2215 1906
2215 1520
M10 6
1269 520
1269 544
1318 544
1318 877
1499 877
1499 520
M11 4
1233 1391
1233 1711
1796 1711
1796 1391
M12 6
944 640
944 998
1152 998
1152 582
1100 582
1100 640
M13 8
1233 910
1233 1389
1497 1389
1497 1022
1427 1022
1427 1018
1266 1018
1266 910
M14 6
991 1641
991 2020
1229 2020
1229 1711
1233 1711
1233 1641
M15 4
1152 544
1152 853
1318 853
1318 544
