HPWL 37870150.0
SOFTMODULE 21
GPC0 8
193 360
193 1103
654 1103
654 1098
656 1098
656 379
654 379
654 360
GPC1 6
656 379
656 1103
1028 1103
1028 1289
1111 1289
1111 379
GPC2 6
1111 840
1111 1215
1797 1215
1797 713
1116 713
1116 840
GPC3 8
1114 247
1114 840
1116 840
1116 713
1797 713
1797 840
1845 840
1845 247
GPC4 4
1846 150
1846 908
2297 908
2297 150
GPC5 4
2297 287
2297 908
2848 908
2848 287
GPC6 4
1477 1854
1477 2550
1968 2550
1968 1854
GPC7 4
1968 1981
1968 2435
2721 2435
2721 1981
GPC8 6
1968 1540
1968 1981
2721 1981
2721 2095
2743 2095
2743 1540
CA0 10
150 1098
150 1860
1028 1860
1028 1103
656 1103
656 1098
654 1098
654 1103
193 1103
193 1098
CA1 8
1798 908
1798 1775
1968 1775
1968 1540
2743 1540
2743 1775
2850 1775
2850 908
CB 4
1145 1226
1145 1589
1775 1589
1775 1226
TPC0 8
629 2165
629 2490
793 2490
793 2470
794 2470
794 2256
793 2256
793 2165
TPC1 4
794 2185
794 2470
981 2470
981 2185
TPC2 4
435 2174
435 2457
623 2457
623 2174
TPC3 10
791 1903
791 2165
793 2165
793 2256
794 2256
794 2185
981 2185
981 2256
982 2256
982 1903
TPC4 4
440 1867
440 2174
614 2174
614 1867
TPC5 8
570 1864
570 1867
614 1867
614 2166
629 2166
629 2165
791 2165
791 1864
CPC0 10
1094 2256
1094 2486
1476 2486
1476 2112
1474 2112
1474 2187
1096 2187
1096 2112
1095 2112
1095 2256
CPC1 4
1096 1885
1096 2187
1474 2187
1474 1885
CPC2 8
1092 1589
1092 1960
1096 1960
1096 1885
1474 1885
1474 1960
1477 1960
1477 1589
