HPWL 1852424.0
SOFTMODULE 28
M0 8
1176 1617
1176 2138
1560 2138
1560 1949
1561 1949
1561 1816
1560 1816
1560 1617
M1 8
1564 1159
1564 1713
2017 1713
2017 1159
2010 1159
2010 1273
1571 1273
1571 1159
M2 6
1870 1713
1870 2054
2460 2054
2460 1715
1966 1715
1966 1713
M3 6
1256 2138
1256 2438
1845 2438
1845 2054
1560 2054
1560 2138
M4 8
638 2305
638 2313
760 2313
760 2727
638 2727
638 2735
1226 2735
1226 2305
M5 8
467 1692
467 1710
581 1710
581 2157
467 2157
467 2176
995 2176
995 1692
M6 4
450 1326
450 1692
997 1692
997 1326
M7 6
1169 1107
1169 1425
1173 1425
1173 1361
1563 1361
1563 1107
M8 8
1173 1361
1173 1682
1176 1682
1176 1617
1560 1617
1560 1682
1564 1682
1564 1361
M9 4
1571 1045
1571 1273
2010 1273
2010 1045
M10 6
2017 1125
2017 1566
2018 1566
2018 1478
2301 1478
2301 1125
M11 8
1966 1713
1966 1715
2440 1715
2440 1478
2018 1478
2018 1566
2017 1566
2017 1713
M12 4
1957 2054
1957 2293
2376 2293
2376 2054
M13 8
1755 2438
1755 2672
2055 2672
2055 2293
1957 2293
1957 2218
1845 2218
1845 2438
M14 4
1346 2438
1346 2684
1755 2684
1755 2438
M15 4
762 2735
762 2960
1212 2960
1212 2735
M16 4
518 2313
518 2727
760 2727
760 2313
M17 4
101 1738
101 2130
357 2130
357 1738
M18 6
357 1710
357 2158
467 2158
467 2157
581 2157
581 1710
M19 6
216 1281
216 1710
467 1710
467 1692
450 1692
450 1281
M20 4
529 1068
529 1326
917 1326
917 1068
M21 4
1695 1789
1695 1972
1859 1972
1859 1789
M22 4
760 2176
760 2305
993 2305
993 2176
M23 4
996 1745
996 2023
1176 2023
1176 1745
M24 8
997 1458
997 1745
1172 1745
1172 1728
1176 1728
1176 1682
1173 1682
1173 1458
M25 18
1208 194
1208 1044
1209 1044
1209 1107
1563 1107
1563 1343
1564 1343
1564 1159
1571 1159
1571 1045
2010 1045
2010 1159
2017 1159
2017 1125
2213 1125
2213 48
1209 48
1209 194
M26 18
40 194
40 1320
216 1320
216 1281
450 1281
450 1326
529 1326
529 1068
917 1068
917 1326
1169 1326
1169 1107
1208 1107
1208 1068
1209 1068
1209 1044
1208 1044
1208 194
M27 4
1561 1816
1561 1949
1637 1949
1637 1816
