HPWL 156075156.0
SOFTMODULE 15
COM 8
2518 7799
2518 10449
6000 10449
6000 9599
6838 9599
6838 8683
6009 8683
6009 7799
GPU 10
3950 611
3950 3479
4863 3479
4863 4436
5851 4436
5851 3796
7085 3796
7085 3492
10099 3492
10099 611
CPU 12
383 3336
383 7799
6009 7799
6009 7716
5944 7716
5944 7204
4868 7204
4868 6611
4863 6611
4863 3479
975 3479
975 3336
NPU 12
7085 3492
7085 3796
7664 3796
7664 4787
7996 4787
7996 6132
7992 6132
7992 7135
7326 7135
7326 7392
10638 7392
10638 3492
IS0 4
975 452
975 3479
3950 3479
3950 452
IS1 8
7103 7714
7103 7802
7757 7802
7757 9488
9905 9488
9905 7392
7326 7392
7326 7714
H0 8
5452 6458
5452 6459
5943 6459
5943 7135
7992 7135
7992 5863
5951 5863
5951 6458
H1 8
4863 4436
4863 6611
4868 6611
4868 6459
5452 6459
5452 6458
5951 6458
5951 4436
H2 6
5951 4787
5951 5863
7992 5863
7992 6132
7996 6132
7996 4787
U0 6
6462 7135
6462 7137
6635 7137
6635 7714
7326 7714
7326 7135
D0 6
4868 6459
4868 7204
5944 7204
5944 7137
5943 7137
5943 6459
D1 6
6009 7716
6009 8682
6838 8682
6838 7714
6635 7714
6635 7716
E0 4
6838 7802
6838 9599
7757 9599
7757 7802
A0 6
5944 7135
5944 7716
6635 7716
6635 7137
6462 7137
6462 7135
PW0 6
5851 3796
5851 4436
5951 4436
5951 4787
7664 4787
7664 3796
